c:\users\ueda_macro\source\repos\macroscope_ver1\macroscope_ver1\x64\release\vc141.pdb
c:\users\ueda_macro\source\repos\macroscope_ver1\macroscope_ver1\x64\release\myform.obj
c:\users\ueda_macro\source\repos\macroscope_ver1\macroscope_ver1\x64\release\andor.obj
c:\users\ueda_macro\source\repos\macroscope_ver1\macroscope_ver1\x64\release\.netframework,version=v4.6.1.assemblyattributes.obj
c:\users\ueda_macro\source\repos\macroscope_ver1\macroscope_ver1\x64\release\.netframework,version=v4.6.1.assemblyattributes.asm
c:\users\ueda_macro\source\repos\macroscope_ver1\x64\release\macroscope_ver1.exe
c:\users\ueda_macro\source\repos\macroscope_ver1\x64\release\macroscope_ver1.pdb
c:\users\ueda_macro\source\repos\macroscope_ver1\macroscope_ver1\x64\release\macroscopever1.myform.resources
c:\users\ueda_macro\source\repos\macroscope_ver1\macroscope_ver1\x64\release\resource.res
c:\users\ueda_macro\source\repos\macroscope_ver1\macroscope_ver1\x64\release\macroscope_ver1.vcxproj.generateresource.cache
c:\users\ueda_macro\source\repos\macroscope_ver1\macroscope_ver1\x64\release\macroscope_ver1.tlog\cl.command.1.tlog
c:\users\ueda_macro\source\repos\macroscope_ver1\macroscope_ver1\x64\release\macroscope_ver1.tlog\cl.read.1.tlog
c:\users\ueda_macro\source\repos\macroscope_ver1\macroscope_ver1\x64\release\macroscope_ver1.tlog\cl.write.1.tlog
c:\users\ueda_macro\source\repos\macroscope_ver1\macroscope_ver1\x64\release\macroscope_ver1.tlog\link.command.1.tlog
c:\users\ueda_macro\source\repos\macroscope_ver1\macroscope_ver1\x64\release\macroscope_ver1.tlog\link.read.1.tlog
c:\users\ueda_macro\source\repos\macroscope_ver1\macroscope_ver1\x64\release\macroscope_ver1.tlog\link.write.1.tlog
c:\users\ueda_macro\source\repos\macroscope_ver1\macroscope_ver1\x64\release\macroscope_ver1.tlog\macroscope_ver1.write.1u.tlog
c:\users\ueda_macro\source\repos\macroscope_ver1\macroscope_ver1\x64\release\macroscope_ver1.tlog\metagen.read.1.tlog
c:\users\ueda_macro\source\repos\macroscope_ver1\macroscope_ver1\x64\release\macroscope_ver1.tlog\metagen.write.1.tlog
c:\users\ueda_macro\source\repos\macroscope_ver1\macroscope_ver1\x64\release\macroscope_ver1.tlog\rc.command.1.tlog
c:\users\ueda_macro\source\repos\macroscope_ver1\macroscope_ver1\x64\release\macroscope_ver1.tlog\rc.read.1.tlog
c:\users\ueda_macro\source\repos\macroscope_ver1\macroscope_ver1\x64\release\macroscope_ver1.tlog\rc.write.1.tlog
c:\users\ueda_macro\source\repos\macroscope_ver1\macroscope_ver1\x64\release\macroscope_ver1.tlog\tzres.dll.bi
