c:\users\ueda_macro\source\repos\bigmovie\macroscope_ver1\x64\release\andor.obj
c:\users\ueda_macro\source\repos\bigmovie\macroscope_ver1\x64\release\checkwindow.obj
c:\users\ueda_macro\source\repos\bigmovie\macroscope_ver1\x64\release\vc141.pdb
c:\users\ueda_macro\source\repos\bigmovie\macroscope_ver1\x64\release\.netframework,version=v4.6.1.assemblyattributes.obj
c:\users\ueda_macro\source\repos\bigmovie\macroscope_ver1\x64\release\.netframework,version=v4.6.1.assemblyattributes.asm
c:\users\ueda_macro\source\repos\bigmovie\macroscope_ver1\x64\release\myform.obj
c:\users\ueda_macro\source\repos\bigmovie\macroscope_ver1\x64\release\macroscopever1.checkwindow.resources
c:\users\ueda_macro\source\repos\bigmovie\macroscope_ver1\x64\release\macroscopever1.myform.resources
c:\users\ueda_macro\source\repos\bigmovie\x64\release\gpsi.exe
c:\users\ueda_macro\source\repos\bigmovie\x64\release\gpsi.pdb
c:\users\ueda_macro\source\repos\bigmovie\macroscope_ver1\x64\release\resource.res
c:\users\ueda_macro\source\repos\bigmovie\macroscope_ver1\x64\release\macroscope_ver1.vcxproj.generateresource.cache
c:\users\ueda_macro\source\repos\bigmovie\macroscope_ver1\x64\release\macroscope_ver1.vcxprojresolveassemblyreference.cache
c:\users\ueda_macro\source\repos\bigmovie\macroscope_ver1\x64\release\gpsi.tlog\cl.command.1.tlog
c:\users\ueda_macro\source\repos\bigmovie\macroscope_ver1\x64\release\gpsi.tlog\cl.read.1.tlog
c:\users\ueda_macro\source\repos\bigmovie\macroscope_ver1\x64\release\gpsi.tlog\cl.write.1.tlog
c:\users\ueda_macro\source\repos\bigmovie\macroscope_ver1\x64\release\gpsi.tlog\gpsi.write.1u.tlog
c:\users\ueda_macro\source\repos\bigmovie\macroscope_ver1\x64\release\gpsi.tlog\link.command.1.tlog
c:\users\ueda_macro\source\repos\bigmovie\macroscope_ver1\x64\release\gpsi.tlog\link.read.1.tlog
c:\users\ueda_macro\source\repos\bigmovie\macroscope_ver1\x64\release\gpsi.tlog\link.write.1.tlog
c:\users\ueda_macro\source\repos\bigmovie\macroscope_ver1\x64\release\gpsi.tlog\metagen.read.1.tlog
c:\users\ueda_macro\source\repos\bigmovie\macroscope_ver1\x64\release\gpsi.tlog\metagen.write.1.tlog
c:\users\ueda_macro\source\repos\bigmovie\macroscope_ver1\x64\release\gpsi.tlog\rc.command.1.tlog
c:\users\ueda_macro\source\repos\bigmovie\macroscope_ver1\x64\release\gpsi.tlog\rc.read.1.tlog
c:\users\ueda_macro\source\repos\bigmovie\macroscope_ver1\x64\release\gpsi.tlog\rc.write.1.tlog
c:\users\ueda_macro\source\repos\bigmovie\macroscope_ver1\x64\release\gpsi.tlog\tzres.dll.bi
